<?xml version="1.0" encoding="UTF-8"?>
<robot generator="Robot 4.1.3 (Python 3.7.5 on darwin)" generated="20220205 11:00:52.208" rpa="false" schemaversion="2">
<suite id="s1" name="Robot Interactive Console" source="/Users/humberto/.vscode/extensions/robocorp.robotframework-lsp-0.39.0/src/robotframework_ls/vendored/robotframework_interactive/robot_interactive_console.robot">
<test id="s1-t1" name="Default Task/Test">
<kw name="Interpreter Main Loop" library="MainLoop">
<kw name="Log" library="BuiltIn">
<arg>Done.</arg>
<doc>Logs the given message with the given level.</doc>
<status status="PASS" starttime="20220205 11:00:53.068" endtime="20220205 11:00:53.068"/>
</kw>
<status status="PASS" starttime="20220205 11:00:52.240" endtime="20220205 11:00:53.911"/>
</kw>
<status status="PASS" starttime="20220205 11:00:52.240" endtime="20220205 11:00:53.911"/>
</test>
<status status="PASS" starttime="20220205 11:00:52.209" endtime="20220205 11:00:53.914"/>
</suite>
<statistics>
<total>
<stat pass="1" fail="0" skip="0">All Tests</stat>
</total>
<tag>
</tag>
<suite>
<stat pass="1" fail="0" skip="0" id="s1" name="Robot Interactive Console">Robot Interactive Console</stat>
</suite>
</statistics>
<errors>
</errors>
</robot>
