<?xml version="1.0" encoding="UTF-8"?>
<robot generator="Robot 4.1.3 (Python 3.7.5 on darwin)" generated="20220130 14:39:36.881" rpa="false" schemaversion="2">
<suite id="s1" name="Robot Interactive Console" source="/Users/humberto/.vscode/extensions/robocorp.robotframework-lsp-0.38.1/src/robotframework_ls/vendored/robotframework_interactive/robot_interactive_console.robot">
<test id="s1-t1" name="Default Task/Test">
<kw name="Interpreter Main Loop" library="MainLoop">
<kw name="Archive Folder With Zip">
<msg timestamp="20220130 14:39:39.240" level="FAIL">No keyword with name 'Archive Folder With Zip' found.</msg>
<status status="FAIL" starttime="20220130 14:39:39.239" endtime="20220130 14:39:39.240"/>
</kw>
<status status="PASS" starttime="20220130 14:39:36.914" endtime="20220130 15:22:08.261"/>
</kw>
<status status="PASS" starttime="20220130 14:39:36.913" endtime="20220130 15:22:08.261"/>
</test>
<status status="PASS" starttime="20220130 14:39:36.882" endtime="20220130 15:22:08.263"/>
</suite>
<statistics>
<total>
<stat pass="1" fail="0" skip="0">All Tests</stat>
</total>
<tag>
</tag>
<suite>
<stat pass="1" fail="0" skip="0" id="s1" name="Robot Interactive Console">Robot Interactive Console</stat>
</suite>
</statistics>
<errors>
</errors>
</robot>
