<?xml version="1.0" encoding="UTF-8"?>
<robot generator="Robot 4.1.3 (Python 3.7.5 on darwin)" generated="20220129 12:10:20.971" rpa="false" schemaversion="2">
<suite id="s1" name="Robot Interactive Console" source="/Users/humberto/.vscode/extensions/robocorp.robotframework-lsp-0.38.1/src/robotframework_ls/vendored/robotframework_interactive/robot_interactive_console.robot">
<test id="s1-t1" name="Default Task/Test">
<kw name="Interpreter Main Loop" library="MainLoop">
<kw name="Open Available Browser" library="RPA.Browser">
<doc>Attempts to open a browser on the user's device from a set of
supported browsers. Automatically downloads a corresponding webdriver
if none is already installed.</doc>
<status status="PASS" starttime="20220129 12:14:59.456" endtime="20220129 12:15:10.438"/>
</kw>
<kw name="Open Available Browser" library="RPA.Browser">
<arg>https://robotsparebinindustries.com/</arg>
<doc>Attempts to open a browser on the user's device from a set of
supported browsers. Automatically downloads a corresponding webdriver
if none is already installed.</doc>
<status status="PASS" starttime="20220129 12:18:46.556" endtime="20220129 12:18:49.291"/>
</kw>
<status status="PASS" starttime="20220129 12:10:21.007" endtime="20220129 13:18:00.881"/>
</kw>
<status status="PASS" starttime="20220129 12:10:21.006" endtime="20220129 13:18:00.881"/>
</test>
<status status="PASS" starttime="20220129 12:10:20.973" endtime="20220129 13:18:00.884"/>
</suite>
<statistics>
<total>
<stat pass="1" fail="0" skip="0">All Tests</stat>
</total>
<tag>
</tag>
<suite>
<stat pass="1" fail="0" skip="0" id="s1" name="Robot Interactive Console">Robot Interactive Console</stat>
</suite>
</statistics>
<errors>
</errors>
</robot>
